<?xml version="1.0" encoding="UTF-8"?>
<!-- Generated by org.testng.reporters.JUnitReportReporter -->
<testsuite skipped="0" hostname="AZ-EV-SHD-002" name="selenium.AddToCart" tests="1" failures="0" timestamp="11 May 2021 07:27:24 GMT" time="38.410" errors="0">
  <testcase name="cart" time="38.410" classname="selenium.AddToCart"/>
</testsuite> <!-- selenium.AddToCart -->
